2026-06-11T03:27:04.890+0800 [DEBUG] [org.gradle.launcher.daemon.bootstrap.DaemonMain] Assuming the daemon was started with following jvm opts: [-Xmx4096M, -Dfile.encoding=UTF-8, -Duser.country=CN, -Duser.language=zh, -Duser.variant]
2026-06-11T03:27:04.986+0800 [DEBUG] [org.gradle.internal.remote.internal.inet.InetAddresses] Adding IP addresses for network interface Realtek Gaming 2.5GbE Family Controller-WFP Native MAC Layer LightWeight Filter-0000
2026-06-11T03:27:04.986+0800 [DEBUG] [org.gradle.internal.remote.internal.inet.InetAddresses] Is this a loopback interface? false
2026-06-11T03:27:04.987+0800 [DEBUG] [org.gradle.internal.remote.internal.inet.InetAddresses] Adding IP addresses for network interface Realtek Gaming 2.5GbE Family Controller-QoS Packet Scheduler-0000
2026-06-11T03:27:04.987+0800 [DEBUG] [org.gradle.internal.remote.internal.inet.InetAddresses] Is this a loopback interface? false
2026-06-11T03:27:04.987+0800 [DEBUG] [org.gradle.internal.remote.internal.inet.InetAddresses] Adding IP addresses for network interface Realtek Gaming 2.5GbE Family Controller-WFP 802.3 MAC Layer LightWeight Filter-0000
2026-06-11T03:27:04.988+0800 [DEBUG] [org.gradle.internal.remote.internal.inet.InetAddresses] Is this a loopback interface? false
2026-06-11T03:27:04.988+0800 [DEBUG] [org.gradle.internal.remote.internal.inet.InetAddresses] Adding IP addresses for network interface WAN Miniport (IP)-WFP Native MAC Layer LightWeight Filter-0000
2026-06-11T03:27:04.988+0800 [DEBUG] [org.gradle.internal.remote.internal.inet.InetAddresses] Is this a loopback interface? false
2026-06-11T03:27:04.988+0800 [DEBUG] [org.gradle.internal.remote.internal.inet.InetAddresses] Adding IP addresses for network interface WAN Miniport (IP)-QoS Packet Scheduler-0000
2026-06-11T03:27:04.988+0800 [DEBUG] [org.gradle.internal.remote.internal.inet.InetAddresses] Is this a loopback interface? false
2026-06-11T03:27:04.988+0800 [DEBUG] [org.gradle.internal.remote.internal.inet.InetAddresses] Adding IP addresses for network interface WAN Miniport (IPv6)-WFP Native MAC Layer LightWeight Filter-0000
2026-06-11T03:27:04.988+0800 [DEBUG] [org.gradle.internal.remote.internal.inet.InetAddresses] Is this a loopback interface? false
2026-06-11T03:27:04.988+0800 [DEBUG] [org.gradle.internal.remote.internal.inet.InetAddresses] Adding IP addresses for network interface WAN Miniport (IPv6)-QoS Packet Scheduler-0000
2026-06-11T03:27:04.989+0800 [DEBUG] [org.gradle.internal.remote.internal.inet.InetAddresses] Is this a loopback interface? false
2026-06-11T03:27:04.989+0800 [DEBUG] [org.gradle.internal.remote.internal.inet.InetAddresses] Adding IP addresses for network interface WAN Miniport (Network Monitor)-WFP Native MAC Layer LightWeight Filter-0000
2026-06-11T03:27:04.989+0800 [DEBUG] [org.gradle.internal.remote.internal.inet.InetAddresses] Is this a loopback interface? false
2026-06-11T03:27:04.989+0800 [DEBUG] [org.gradle.internal.remote.internal.inet.InetAddresses] Adding IP addresses for network interface WAN Miniport (Network Monitor)-QoS Packet Scheduler-0000
2026-06-11T03:27:04.989+0800 [DEBUG] [org.gradle.internal.remote.internal.inet.InetAddresses] Is this a loopback interface? false
2026-06-11T03:27:04.989+0800 [DEBUG] [org.gradle.internal.remote.internal.inet.InetAddresses] Adding IP addresses for network interface Bluetooth Device (Personal Area Network)
2026-06-11T03:27:04.989+0800 [DEBUG] [org.gradle.internal.remote.internal.inet.InetAddresses] Is this a loopback interface? false
2026-06-11T03:27:04.989+0800 [DEBUG] [org.gradle.internal.remote.internal.inet.InetAddresses] Adding IP addresses for network interface Microsoft Kernel Debug Network Adapter
2026-06-11T03:27:04.989+0800 [DEBUG] [org.gradle.internal.remote.internal.inet.InetAddresses] Is this a loopback interface? false
2026-06-11T03:27:04.989+0800 [DEBUG] [org.gradle.internal.remote.internal.inet.InetAddresses] Adding IP addresses for network interface Realtek Gaming 2.5GbE Family Controller
2026-06-11T03:27:04.990+0800 [DEBUG] [org.gradle.internal.remote.internal.inet.InetAddresses] Is this a loopback interface? false
2026-06-11T03:27:04.990+0800 [DEBUG] [org.gradle.internal.remote.internal.inet.InetAddresses] Adding remote address /fe80:0:0:0:7880:6ad4:33e8:1d3e%ethernet_32770
2026-06-11T03:27:04.990+0800 [DEBUG] [org.gradle.internal.remote.internal.inet.InetAddresses] Adding remote address /10.30.0.129
2026-06-11T03:27:04.990+0800 [DEBUG] [org.gradle.internal.remote.internal.inet.InetAddresses] Adding IP addresses for network interface WAN Miniport (IP)
2026-06-11T03:27:04.990+0800 [DEBUG] [org.gradle.internal.remote.internal.inet.InetAddresses] Is this a loopback interface? false
2026-06-11T03:27:04.990+0800 [DEBUG] [org.gradle.internal.remote.internal.inet.InetAddresses] Adding IP addresses for network interface WAN Miniport (IPv6)
2026-06-11T03:27:04.991+0800 [DEBUG] [org.gradle.internal.remote.internal.inet.InetAddresses] Is this a loopback interface? false
2026-06-11T03:27:04.991+0800 [DEBUG] [org.gradle.internal.remote.internal.inet.InetAddresses] Adding IP addresses for network interface WAN Miniport (Network Monitor)
2026-06-11T03:27:04.991+0800 [DEBUG] [org.gradle.internal.remote.internal.inet.InetAddresses] Is this a loopback interface? false
2026-06-11T03:27:04.991+0800 [DEBUG] [org.gradle.internal.remote.internal.inet.InetAddresses] Adding IP addresses for network interface VMware Virtual Ethernet Adapter for VMnet1
2026-06-11T03:27:04.991+0800 [DEBUG] [org.gradle.internal.remote.internal.inet.InetAddresses] Is this a loopback interface? false
2026-06-11T03:27:04.991+0800 [DEBUG] [org.gradle.internal.remote.internal.inet.InetAddresses] Adding remote address /fe80:0:0:0:d16f:aa14:2066:a151%ethernet_32774
2026-06-11T03:27:04.991+0800 [DEBUG] [org.gradle.internal.remote.internal.inet.InetAddresses] Adding remote address /192.168.109.1
2026-06-11T03:27:04.991+0800 [DEBUG] [org.gradle.internal.remote.internal.inet.InetAddresses] Adding IP addresses for network interface VMware Virtual Ethernet Adapter for VMnet8
2026-06-11T03:27:04.992+0800 [DEBUG] [org.gradle.internal.remote.internal.inet.InetAddresses] Is this a loopback interface? false
2026-06-11T03:27:04.992+0800 [DEBUG] [org.gradle.internal.remote.internal.inet.InetAddresses] Adding remote address /fe80:0:0:0:36b5:426d:312:28c2%ethernet_32775
2026-06-11T03:27:04.992+0800 [DEBUG] [org.gradle.internal.remote.internal.inet.InetAddresses] Adding remote address /192.168.10.1
2026-06-11T03:27:04.992+0800 [DEBUG] [org.gradle.internal.remote.internal.inet.InetAddresses] Adding IP addresses for network interface WAN Miniport (PPPOE)
2026-06-11T03:27:04.992+0800 [DEBUG] [org.gradle.internal.remote.internal.inet.InetAddresses] Is this a loopback interface? false
2026-06-11T03:27:04.992+0800 [DEBUG] [org.gradle.internal.remote.internal.inet.InetAddresses] Adding IP addresses for network interface Software Loopback Interface 1
2026-06-11T03:27:04.992+0800 [DEBUG] [org.gradle.internal.remote.internal.inet.InetAddresses] Is this a loopback interface? true
2026-06-11T03:27:04.993+0800 [DEBUG] [org.gradle.internal.remote.internal.inet.InetAddresses] Adding loopback address /0:0:0:0:0:0:0:1
2026-06-11T03:27:04.993+0800 [DEBUG] [org.gradle.internal.remote.internal.inet.InetAddresses] Adding loopback address /127.0.0.1
2026-06-11T03:27:04.993+0800 [DEBUG] [org.gradle.internal.remote.internal.inet.InetAddresses] Adding IP addresses for network interface TAP-Windows Adapter V9-WFP Native MAC Layer LightWeight Filter-0000
2026-06-11T03:27:04.993+0800 [DEBUG] [org.gradle.internal.remote.internal.inet.InetAddresses] Is this a loopback interface? false
2026-06-11T03:27:04.993+0800 [DEBUG] [org.gradle.internal.remote.internal.inet.InetAddresses] Adding IP addresses for network interface TAP-Windows Adapter V9-QoS Packet Scheduler-0000
2026-06-11T03:27:04.993+0800 [DEBUG] [org.gradle.internal.remote.internal.inet.InetAddresses] Is this a loopback interface? false
2026-06-11T03:27:04.994+0800 [DEBUG] [org.gradle.internal.remote.internal.inet.InetAddresses] Adding IP addresses for network interface TAP-Windows Adapter V9 #2-WFP Native MAC Layer LightWeight Filter-0000
2026-06-11T03:27:04.994+0800 [DEBUG] [org.gradle.internal.remote.internal.inet.InetAddresses] Is this a loopback interface? false
2026-06-11T03:27:04.994+0800 [DEBUG] [org.gradle.internal.remote.internal.inet.InetAddresses] Adding IP addresses for network interface TAP-Windows Adapter V9 #2-QoS Packet Scheduler-0000
2026-06-11T03:27:04.994+0800 [DEBUG] [org.gradle.internal.remote.internal.inet.InetAddresses] Is this a loopback interface? false
2026-06-11T03:27:04.994+0800 [DEBUG] [org.gradle.internal.remote.internal.inet.InetAddresses] Adding IP addresses for network interface TAP-Windows Adapter V9-WFP 802.3 MAC Layer LightWeight Filter-0000
2026-06-11T03:27:04.994+0800 [DEBUG] [org.gradle.internal.remote.internal.inet.InetAddresses] Is this a loopback interface? false
2026-06-11T03:27:04.994+0800 [DEBUG] [org.gradle.internal.remote.internal.inet.InetAddresses] Adding IP addresses for network interface TAP-Windows Adapter V9 #2-WFP 802.3 MAC Layer LightWeight Filter-0000
2026-06-11T03:27:04.994+0800 [DEBUG] [org.gradle.internal.remote.internal.inet.InetAddresses] Is this a loopback interface? false
2026-06-11T03:27:04.995+0800 [DEBUG] [org.gradle.internal.remote.internal.inet.InetAddresses] Adding IP addresses for network interface TAP-Windows Adapter V9
2026-06-11T03:27:04.995+0800 [DEBUG] [org.gradle.internal.remote.internal.inet.InetAddresses] Is this a loopback interface? false
2026-06-11T03:27:04.995+0800 [DEBUG] [org.gradle.internal.remote.internal.inet.InetAddresses] Adding remote address /fe80:0:0:0:e6b4:974c:4688:1ee%iftype53_32768
2026-06-11T03:27:04.995+0800 [DEBUG] [org.gradle.internal.remote.internal.inet.InetAddresses] Adding IP addresses for network interface TAP-Windows Adapter V9 #2
2026-06-11T03:27:04.995+0800 [DEBUG] [org.gradle.internal.remote.internal.inet.InetAddresses] Is this a loopback interface? false
2026-06-11T03:27:04.996+0800 [DEBUG] [org.gradle.internal.remote.internal.inet.InetAddresses] Adding remote address /fe80:0:0:0:44c0:3078:5633:28c2%iftype53_32769
2026-06-11T03:27:04.996+0800 [DEBUG] [org.gradle.internal.remote.internal.inet.InetAddresses] Adding IP addresses for network interface Realtek 8852CE WiFi 6E PCI-E NIC-WFP Native MAC Layer LightWeight Filter-0000
2026-06-11T03:27:04.996+0800 [DEBUG] [org.gradle.internal.remote.internal.inet.InetAddresses] Is this a loopback interface? false
2026-06-11T03:27:04.996+0800 [DEBUG] [org.gradle.internal.remote.internal.inet.InetAddresses] Adding IP addresses for network interface Realtek 8852CE WiFi 6E PCI-E NIC-Virtual WiFi Filter Driver-0000
2026-06-11T03:27:04.996+0800 [DEBUG] [org.gradle.internal.remote.internal.inet.InetAddresses] Is this a loopback interface? false
2026-06-11T03:27:04.996+0800 [DEBUG] [org.gradle.internal.remote.internal.inet.InetAddresses] Adding IP addresses for network interface Realtek 8852CE WiFi 6E PCI-E NIC-Native WiFi Filter Driver-0000
2026-06-11T03:27:04.996+0800 [DEBUG] [org.gradle.internal.remote.internal.inet.InetAddresses] Is this a loopback interface? false
2026-06-11T03:27:04.996+0800 [DEBUG] [org.gradle.internal.remote.internal.inet.InetAddresses] Adding IP addresses for network interface Realtek 8852CE WiFi 6E PCI-E NIC-QoS Packet Scheduler-0000
2026-06-11T03:27:04.997+0800 [DEBUG] [org.gradle.internal.remote.internal.inet.InetAddresses] Is this a loopback interface? false
2026-06-11T03:27:04.997+0800 [DEBUG] [org.gradle.internal.remote.internal.inet.InetAddresses] Adding IP addresses for network interface Realtek 8852CE WiFi 6E PCI-E NIC-WFP 802.3 MAC Layer LightWeight Filter-0000
2026-06-11T03:27:04.997+0800 [DEBUG] [org.gradle.internal.remote.internal.inet.InetAddresses] Is this a loopback interface? false
2026-06-11T03:27:04.997+0800 [DEBUG] [org.gradle.internal.remote.internal.inet.InetAddresses] Adding IP addresses for network interface Microsoft Wi-Fi Direct Virtual Adapter-WFP Native MAC Layer LightWeight Filter-0000
2026-06-11T03:27:04.997+0800 [DEBUG] [org.gradle.internal.remote.internal.inet.InetAddresses] Is this a loopback interface? false
2026-06-11T03:27:04.997+0800 [DEBUG] [org.gradle.internal.remote.internal.inet.InetAddresses] Adding IP addresses for network interface Microsoft Wi-Fi Direct Virtual Adapter-Native WiFi Filter Driver-0000
2026-06-11T03:27:04.997+0800 [DEBUG] [org.gradle.internal.remote.internal.inet.InetAddresses] Is this a loopback interface? false
2026-06-11T03:27:04.997+0800 [DEBUG] [org.gradle.internal.remote.internal.inet.InetAddresses] Adding IP addresses for network interface Microsoft Wi-Fi Direct Virtual Adapter-QoS Packet Scheduler-0000
2026-06-11T03:27:04.998+0800 [DEBUG] [org.gradle.internal.remote.internal.inet.InetAddresses] Is this a loopback interface? false
2026-06-11T03:27:04.998+0800 [DEBUG] [org.gradle.internal.remote.internal.inet.InetAddresses] Adding IP addresses for network interface Microsoft Wi-Fi Direct Virtual Adapter-WFP 802.3 MAC Layer LightWeight Filter-0000
2026-06-11T03:27:04.998+0800 [DEBUG] [org.gradle.internal.remote.internal.inet.InetAddresses] Is this a loopback interface? false
2026-06-11T03:27:04.998+0800 [DEBUG] [org.gradle.internal.remote.internal.inet.InetAddresses] Adding IP addresses for network interface Microsoft Wi-Fi Direct Virtual Adapter #2-WFP Native MAC Layer LightWeight Filter-0000
2026-06-11T03:27:04.998+0800 [DEBUG] [org.gradle.internal.remote.internal.inet.InetAddresses] Is this a loopback interface? false
2026-06-11T03:27:04.998+0800 [DEBUG] [org.gradle.internal.remote.internal.inet.InetAddresses] Adding IP addresses for network interface Microsoft Wi-Fi Direct Virtual Adapter #2-Native WiFi Filter Driver-0000
2026-06-11T03:27:04.998+0800 [DEBUG] [org.gradle.internal.remote.internal.inet.InetAddresses] Is this a loopback interface? false
2026-06-11T03:27:04.998+0800 [DEBUG] [org.gradle.internal.remote.internal.inet.InetAddresses] Adding IP addresses for network interface Microsoft Wi-Fi Direct Virtual Adapter #2-QoS Packet Scheduler-0000
2026-06-11T03:27:04.999+0800 [DEBUG] [org.gradle.internal.remote.internal.inet.InetAddresses] Is this a loopback interface? false
2026-06-11T03:27:04.999+0800 [DEBUG] [org.gradle.internal.remote.internal.inet.InetAddresses] Adding IP addresses for network interface Microsoft Wi-Fi Direct Virtual Adapter #2-WFP 802.3 MAC Layer LightWeight Filter-0000
2026-06-11T03:27:04.999+0800 [DEBUG] [org.gradle.internal.remote.internal.inet.InetAddresses] Is this a loopback interface? false
2026-06-11T03:27:04.999+0800 [DEBUG] [org.gradle.internal.remote.internal.inet.InetAddresses] Adding IP addresses for network interface Realtek 8852CE WiFi 6E PCI-E NIC
2026-06-11T03:27:04.999+0800 [DEBUG] [org.gradle.internal.remote.internal.inet.InetAddresses] Is this a loopback interface? false
2026-06-11T03:27:04.999+0800 [DEBUG] [org.gradle.internal.remote.internal.inet.InetAddresses] Adding remote address /fe80:0:0:0:9d79:c553:1255:926c%wireless_32768
2026-06-11T03:27:04.999+0800 [DEBUG] [org.gradle.internal.remote.internal.inet.InetAddresses] Adding IP addresses for network interface Microsoft Wi-Fi Direct Virtual Adapter
2026-06-11T03:27:04.999+0800 [DEBUG] [org.gradle.internal.remote.internal.inet.InetAddresses] Is this a loopback interface? false
2026-06-11T03:27:04.999+0800 [DEBUG] [org.gradle.internal.remote.internal.inet.InetAddresses] Adding remote address /fe80:0:0:0:7cb:c1d8:e714:aec7%wireless_32769
2026-06-11T03:27:04.999+0800 [DEBUG] [org.gradle.internal.remote.internal.inet.InetAddresses] Adding IP addresses for network interface Microsoft Wi-Fi Direct Virtual Adapter #2
2026-06-11T03:27:05.000+0800 [DEBUG] [org.gradle.internal.remote.internal.inet.InetAddresses] Is this a loopback interface? false
2026-06-11T03:27:05.000+0800 [DEBUG] [org.gradle.internal.remote.internal.inet.InetAddresses] Adding remote address /fe80:0:0:0:46c0:1b83:ee2d:5593%wireless_32770
2026-06-11T03:27:05.000+0800 [DEBUG] [org.gradle.internal.remote.internal.inet.InetAddresses] Adding IP addresses for network interface Microsoft Teredo Tunneling Adapter
2026-06-11T03:27:05.000+0800 [DEBUG] [org.gradle.internal.remote.internal.inet.InetAddresses] Is this a loopback interface? false
2026-06-11T03:27:05.000+0800 [DEBUG] [org.gradle.internal.remote.internal.inet.InetAddresses] Adding IP addresses for network interface Microsoft IP-HTTPS Platform Adapter
2026-06-11T03:27:05.000+0800 [DEBUG] [org.gradle.internal.remote.internal.inet.InetAddresses] Is this a loopback interface? false
2026-06-11T03:27:05.000+0800 [DEBUG] [org.gradle.internal.remote.internal.inet.InetAddresses] Adding IP addresses for network interface Microsoft 6to4 Adapter
2026-06-11T03:27:05.000+0800 [DEBUG] [org.gradle.internal.remote.internal.inet.InetAddresses] Is this a loopback interface? false
2026-06-11T03:27:05.000+0800 [DEBUG] [org.gradle.internal.remote.internal.inet.InetAddresses] Adding IP addresses for network interface WAN Miniport (SSTP)
2026-06-11T03:27:05.001+0800 [DEBUG] [org.gradle.internal.remote.internal.inet.InetAddresses] Is this a loopback interface? false
2026-06-11T03:27:05.001+0800 [DEBUG] [org.gradle.internal.remote.internal.inet.InetAddresses] Adding IP addresses for network interface WAN Miniport (IKEv2)
2026-06-11T03:27:05.001+0800 [DEBUG] [org.gradle.internal.remote.internal.inet.InetAddresses] Is this a loopback interface? false
2026-06-11T03:27:05.001+0800 [DEBUG] [org.gradle.internal.remote.internal.inet.InetAddresses] Adding IP addresses for network interface WAN Miniport (L2TP)
2026-06-11T03:27:05.001+0800 [DEBUG] [org.gradle.internal.remote.internal.inet.InetAddresses] Is this a loopback interface? false
2026-06-11T03:27:05.001+0800 [DEBUG] [org.gradle.internal.remote.internal.inet.InetAddresses] Adding IP addresses for network interface WAN Miniport (PPTP)
2026-06-11T03:27:05.001+0800 [DEBUG] [org.gradle.internal.remote.internal.inet.InetAddresses] Is this a loopback interface? false
2026-06-11T03:27:05.009+0800 [DEBUG] [org.gradle.internal.nativeintegration.services.NativeServices] Native-platform posix files integration is not available. Continuing with fallback.
2026-06-11T03:27:05.023+0800 [INFO] [org.gradle.launcher.daemon.server.Daemon] start() called on daemon - DefaultDaemonContext[uid=a21b42df-434e-4e9b-9e9a-15fe54c2c3a6,javaHome=C:\Program Files\Java\jdk-21.0.10,javaVersion=21,javaVendor=Oracle Corporation,daemonRegistryDir=D:\server\spfeastBans-plugins\.gradle-user-home\daemon,pid=36716,idleTimeout=10800000,priority=NORMAL,applyInstrumentationAgent=true,nativeServicesMode=ENABLED,daemonOpts=-Xmx4096M,-Dfile.encoding=UTF-8,-Duser.country=CN,-Duser.language=zh,-Duser.variant]
2026-06-11T03:27:05.058+0800 [DEBUG] [org.gradle.internal.remote.internal.inet.TcpIncomingConnector] Listening on [df938353-d8b3-43d5-b795-11f4f09651ca port:62685, addresses:[localhost/127.0.0.1]].
2026-06-11T03:27:05.070+0800 [DEBUG] [org.gradle.launcher.daemon.server.Daemon] Daemon starting at: Thu Jun 11 03:27:05 HKT 2026, with address: [df938353-d8b3-43d5-b795-11f4f09651ca port:62685, addresses:[localhost/127.0.0.1]]
2026-06-11T03:27:05.070+0800 [INFO] [org.gradle.launcher.daemon.server.DaemonRegistryUpdater] Advertising the daemon address to the clients: [df938353-d8b3-43d5-b795-11f4f09651ca port:62685, addresses:[localhost/127.0.0.1]]
2026-06-11T03:27:05.070+0800 [DEBUG] [org.gradle.launcher.daemon.server.DaemonRegistryUpdater] Advertised daemon context: DefaultDaemonContext[uid=a21b42df-434e-4e9b-9e9a-15fe54c2c3a6,javaHome=C:\Program Files\Java\jdk-21.0.10,javaVersion=21,javaVendor=Oracle Corporation,daemonRegistryDir=D:\server\spfeastBans-plugins\.gradle-user-home\daemon,pid=36716,idleTimeout=10800000,priority=NORMAL,applyInstrumentationAgent=true,nativeServicesMode=ENABLED,daemonOpts=-Xmx4096M,-Dfile.encoding=UTF-8,-Duser.country=CN,-Duser.language=zh,-Duser.variant]
2026-06-11T03:27:05.071+0800 [DEBUG] [org.gradle.launcher.daemon.registry.PersistentDaemonRegistry] Storing daemon address: [df938353-d8b3-43d5-b795-11f4f09651ca port:62685, addresses:[localhost/127.0.0.1]], context: DefaultDaemonContext[uid=a21b42df-434e-4e9b-9e9a-15fe54c2c3a6,javaHome=C:\Program Files\Java\jdk-21.0.10,javaVersion=21,javaVendor=Oracle Corporation,daemonRegistryDir=D:\server\spfeastBans-plugins\.gradle-user-home\daemon,pid=36716,idleTimeout=10800000,priority=NORMAL,applyInstrumentationAgent=true,nativeServicesMode=ENABLED,daemonOpts=-Xmx4096M,-Dfile.encoding=UTF-8,-Duser.country=CN,-Duser.language=zh,-Duser.variant]
2026-06-11T03:27:05.084+0800 [DEBUG] [org.gradle.cache.internal.DefaultFileLockManager] Waiting to acquire exclusive lock on daemon addresses registry.
2026-06-11T03:27:05.089+0800 [DEBUG] [org.gradle.cache.internal.DefaultFileLockManager] Lock acquired on daemon addresses registry.
2026-06-11T03:27:05.091+0800 [DEBUG] [org.gradle.cache.internal.DefaultFileLockManager] Releasing lock on daemon addresses registry.
2026-06-11T03:27:05.092+0800 [LIFECYCLE] [org.gradle.launcher.daemon.server.Daemon] Daemon server started.
2026-06-11T03:27:05.092+0800 [DEBUG] [org.gradle.launcher.daemon.bootstrap.DaemonStartupCommunication] Completed writing the daemon greeting. Closing streams...
2026-06-11T03:27:05.098+0800 [DEBUG] [org.gradle.launcher.daemon.server.Daemon] stopOnExpiration() called on daemon
2026-06-11T03:27:05.099+0800 [DEBUG] [org.gradle.launcher.daemon.server.Daemon] awaitExpiration() called on daemon
2026-06-11T03:27:05.100+0800 [DEBUG] [org.gradle.launcher.daemon.server.DaemonStateCoordinator] daemon is running. Sleeping until state changes.
2026-06-11T03:27:05.102+0800 [DEBUG] [org.gradle.internal.remote.internal.inet.TcpIncomingConnector] Accepted connection from /127.0.0.1:62686 to /127.0.0.1:62685.
2026-06-11T03:27:05.214+0800 [DEBUG] [org.gradle.launcher.daemon.server.SynchronizedDispatchConnection] thread 46: received class org.gradle.launcher.daemon.protocol.Build
2026-06-11T03:27:05.214+0800 [DEBUG] [org.gradle.launcher.daemon.server.DefaultDaemonConnection] thread 46: Received non-IO message from client: Build{id=6cb7ab9d-145c-42d1-be33-aa81c9fa6355, currentDir=D:\server\spfeastBans-plugins}
2026-06-11T03:27:05.215+0800 [INFO] [org.gradle.launcher.daemon.server.DefaultIncomingConnectionHandler] Received command: Build{id=6cb7ab9d-145c-42d1-be33-aa81c9fa6355, currentDir=D:\server\spfeastBans-plugins}.
2026-06-11T03:27:05.215+0800 [DEBUG] [org.gradle.launcher.daemon.server.DefaultIncomingConnectionHandler] Starting executing command: Build{id=6cb7ab9d-145c-42d1-be33-aa81c9fa6355, currentDir=D:\server\spfeastBans-plugins} with connection: socket connection from /127.0.0.1:62685 to /127.0.0.1:62686.
2026-06-11T03:27:05.217+0800 [DEBUG] [org.gradle.launcher.daemon.server.DaemonStateCoordinator] Command execution: started DaemonCommandExecution[command = Build{id=6cb7ab9d-145c-42d1-be33-aa81c9fa6355, currentDir=D:\server\spfeastBans-plugins}, connection = DefaultDaemonConnection: socket connection from /127.0.0.1:62685 to /127.0.0.1:62686] after 0.0026833333333333336 minutes of idle
2026-06-11T03:27:05.217+0800 [INFO] [org.gradle.launcher.daemon.server.DaemonRegistryUpdater] Marking the daemon as busy, address: [df938353-d8b3-43d5-b795-11f4f09651ca port:62685, addresses:[localhost/127.0.0.1]]
2026-06-11T03:27:05.217+0800 [DEBUG] [org.gradle.launcher.daemon.registry.PersistentDaemonRegistry] Marking busy by address: [df938353-d8b3-43d5-b795-11f4f09651ca port:62685, addresses:[localhost/127.0.0.1]]
2026-06-11T03:27:05.219+0800 [DEBUG] [org.gradle.cache.internal.DefaultFileLockManager] Waiting to acquire exclusive lock on daemon addresses registry.
2026-06-11T03:27:05.219+0800 [DEBUG] [org.gradle.cache.internal.DefaultFileLockManager] Lock acquired on daemon addresses registry.
2026-06-11T03:27:05.220+0800 [DEBUG] [org.gradle.cache.internal.DefaultFileLockManager] Releasing lock on daemon addresses registry.
2026-06-11T03:27:05.220+0800 [DEBUG] [org.gradle.launcher.daemon.server.DaemonStateCoordinator] resetting idle timer
2026-06-11T03:27:05.221+0800 [DEBUG] [org.gradle.launcher.daemon.server.DaemonStateCoordinator] daemon is running. Sleeping until state changes.
2026-06-11T03:27:05.221+0800 [INFO] [org.gradle.launcher.daemon.server.exec.StartBuildOrRespondWithBusy] Daemon is about to start building Build{id=6cb7ab9d-145c-42d1-be33-aa81c9fa6355, currentDir=D:\server\spfeastBans-plugins}. Dispatching build started information...
2026-06-11T03:27:05.221+0800 [DEBUG] [org.gradle.launcher.daemon.server.SynchronizedDispatchConnection] thread 48: dispatching org.gradle.launcher.daemon.protocol.BuildStarted@1350c398
2026-06-11T03:27:05.223+0800 [DEBUG] [org.gradle.launcher.daemon.server.exec.EstablishBuildEnvironment] Configuring env variables: [TRAE_BRAND_NAME, SAFE_RM_PROTECTION_FLAG, SESSIONNAME, ALLUSERSPROFILE, GATEWAY_VM_OPTIONS, RUSTROVER_VM_OPTIONS, TERM_PRODUCT, SystemDrive, SAFE_RM_AUTO_ADD_TEMP, VSCODE_INJECTION, VSCODE_SHELL_ENV_REPORTING, COLORTERM, DIRNAME, USERNAME, VSCODE_GIT_ASKPASS_NODE, STUDIO_VM_OPTIONS, TERM_PROGRAM_VERSION, ProgramFiles(x86), TRAE_SANDBOX_TRACE_FILE, VSCODE_STABLE, SAFE_RM_SOURCE_FLAG, DEFAULT_JVM_OPTS, PATHEXT, DriverData, TRAE_JWT_TOKEN_PATH, EFC_8960_1592913036, VSCODE_A11Y_MODE, HOMEPATH, PROCESSOR_IDENTIFIER, VSCODE_ENV_REPLACE, ProgramFiles, PUBLIC, TRAE_SANDBOX_LOG_DIR, windir, IntelliJ IDEA, WEBSTORM_VM_OPTIONS, PROMPT, JAVA_HOME, CLION_VM_OPTIONS, GOLAND_VM_OPTIONS, OneDrive, APPDATA, GRADLE_USER_HOME, AHA_CHROME_CRASHPAD_PIPE_NAME, JAVA_EXE, JETBRAINS_CLIENT_VM_OPTIONS, TRAE_SANDBOX_CLI_PATH, SAFE_RM_ALLOWED_PATH, Path, 3DVPATH, PyCharm, TERM_PROGRAM, COMPUTERNAME, ComSpec, APP_BASE_NAME, =D:, WEBIDE_VM_OPTIONS, HOMEDRIVE, NUMBER_OF_PROCESSORS, USERDOMAIN_ROAMINGPROFILE, PROCESSOR_LEVEL, TRAE_SANDBOX_STORAGE_PATH, PROCESSOR_ARCHITECTURE, VSCODE_GIT_IPC_HANDLE, PSModulePath, RIDER_VM_OPTIONS, DEVECOSTUDIO_VM_OPTIONS, GIT_ASKPASS, APP_HOME, OneDriveConsumer, TRAE_AI_SHELL_ID, AI_AGENT, TRAE_SANDBOX_COMMAND_LINE, DATASPELL_VM_OPTIONS, ProgramData, TRAE_SANDBOX_CONFIG_NAME, ProgramW6432, TRAE_PREVENT_SHELL_HISTORY, DATAGRIP_VM_OPTIONS, LOCALAPPDATA, USERDOMAIN, LOGONSERVER, PYCHARM_VM_OPTIONS, JETBRAINSCLIENT_VM_OPTIONS, TRAE_SANDBOX_SOURCE_FLAG_PATH, LANG, VSCODE_GIT_ASKPASS_MAIN, IDEA_VM_OPTIONS, AQUA_VM_OPTIONS, RUBYMINE_VM_OPTIONS, VSCODE_GIT_ASKPASS_EXTRA_ARGS, SAFE_RM_DENIED_PATH, CommonProgramFiles, SBOX_SHARED_DATA_NAME, OS, VSCODE_JDWP_ADAPTER_ENDPOINTS, VSCODE_ENV_PREPEND, AMDRMPATH, PROCESSOR_REVISION, CLASSPATH, CommonProgramW6432, VSCODE_NONCE, TRAE_SANDBOX_DUMP_DIR, SystemRoot, TEMP, USERPROFILE, TMP, CommonProgramFiles(x86), PHPSTORM_VM_OPTIONS, isArchMatched, VSCODE_JAVA_EXEC]
2026-06-11T03:27:05.229+0800 [DEBUG] [org.gradle.launcher.daemon.server.exec.LogToClient] About to start relaying all logs to the client via the connection.
2026-06-11T03:27:05.229+0800 [INFO] [org.gradle.launcher.daemon.server.exec.LogToClient] The client will now receive all logging from the daemon (pid: 36716). The daemon log file: D:\server\spfeastBans-plugins\.gradle-user-home\daemon\8.13\daemon-36716.out.log
2026-06-11T03:27:05.230+0800 [INFO] [org.gradle.launcher.daemon.server.exec.LogAndCheckHealth] Starting build in new daemon [memory: 4 GiB]
2026-06-11T03:27:05.232+0800 [DEBUG] [org.gradle.launcher.daemon.server.exec.ExecuteBuild] The daemon has started executing the build.
2026-06-11T03:27:05.232+0800 [DEBUG] [org.gradle.launcher.daemon.server.exec.ExecuteBuild] Executing build with daemon context: DefaultDaemonContext[uid=a21b42df-434e-4e9b-9e9a-15fe54c2c3a6,javaHome=C:\Program Files\Java\jdk-21.0.10,javaVersion=21,javaVendor=Oracle Corporation,daemonRegistryDir=D:\server\spfeastBans-plugins\.gradle-user-home\daemon,pid=36716,idleTimeout=10800000,priority=NORMAL,applyInstrumentationAgent=true,nativeServicesMode=ENABLED,daemonOpts=-Xmx4096M,-Dfile.encoding=UTF-8,-Duser.country=CN,-Duser.language=zh,-Duser.variant]
thread 46: client disconnection detected, canceling the build
Unable to execute command Build{id=6cb7ab9d-145c-42d1-be33-aa81c9fa6355, currentDir=D:\server\spfeastBans-plugins} from socket connection from /127.0.0.1:62685 to /127.0.0.1:62686. Dispatching the failure to the daemon client
org.gradle.internal.remote.internal.MessageIOException: Could not write message Failure[value=org.gradle.launcher.daemon.server.api.DaemonStoppedException: Gradle build daemon has been stopped: cancel requested but timed out] to '/127.0.0.1:62686'.
	at org.gradle.internal.remote.internal.inet.SocketConnection.dispatch(SocketConnection.java:132)
	at org.gradle.launcher.daemon.server.SynchronizedDispatchConnection.dispatchAndFlush(SynchronizedDispatchConnection.java:56)
	at org.gradle.launcher.daemon.server.DefaultDaemonConnection.completed(DefaultDaemonConnection.java:150)
	at org.gradle.launcher.daemon.server.exec.StartBuildOrRespondWithBusy.doBuild(StartBuildOrRespondWithBusy.java:61)
	at org.gradle.launcher.daemon.server.exec.BuildCommandOnly.execute(BuildCommandOnly.java:37)
	at org.gradle.launcher.daemon.server.api.DaemonCommandExecution.proceed(DaemonCommandExecution.java:104)
	at org.gradle.launcher.daemon.server.exec.ReturnResult.execute(ReturnResult.java:36)
	at org.gradle.launcher.daemon.server.api.DaemonCommandExecution.proceed(DaemonCommandExecution.java:104)
	at org.gradle.launcher.daemon.server.exec.CleanUpVirtualFileSystemAfterBuild.doBuild(CleanUpVirtualFileSystemAfterBuild.java:58)
	at org.gradle.launcher.daemon.server.exec.BuildCommandOnly.execute(BuildCommandOnly.java:37)
	at org.gradle.launcher.daemon.server.api.DaemonCommandExecution.proceed(DaemonCommandExecution.java:104)
	at org.gradle.launcher.daemon.server.api.HandleReportStatus.execute(HandleReportStatus.java:35)
	at org.gradle.launcher.daemon.server.api.DaemonCommandExecution.proceed(DaemonCommandExecution.java:104)
	at org.gradle.launcher.daemon.server.exec.HandleCancel.execute(HandleCancel.java:39)
	at org.gradle.launcher.daemon.server.api.DaemonCommandExecution.proceed(DaemonCommandExecution.java:104)
	at org.gradle.launcher.daemon.server.api.HandleInvalidateVirtualFileSystem.execute(HandleInvalidateVirtualFileSystem.java:46)
	at org.gradle.launcher.daemon.server.api.DaemonCommandExecution.proceed(DaemonCommandExecution.java:104)
	at org.gradle.launcher.daemon.server.api.HandleStop.execute(HandleStop.java:46)
	at org.gradle.launcher.daemon.server.api.DaemonCommandExecution.proceed(DaemonCommandExecution.java:104)
	at org.gradle.launcher.daemon.server.exec.DaemonCommandExecuter.executeCommand(DaemonCommandExecuter.java:55)
	at org.gradle.launcher.daemon.server.DefaultIncomingConnectionHandler$ConnectionWorker.handleCommand(DefaultIncomingConnectionHandler.java:161)
	at org.gradle.launcher.daemon.server.DefaultIncomingConnectionHandler$ConnectionWorker.receiveAndHandleCommand(DefaultIncomingConnectionHandler.java:134)
	at org.gradle.launcher.daemon.server.DefaultIncomingConnectionHandler$ConnectionWorker.run(DefaultIncomingConnectionHandler.java:122)
	at org.gradle.internal.concurrent.ExecutorPolicy$CatchAndRecordFailures.onExecute(ExecutorPolicy.java:64)
	at org.gradle.internal.concurrent.AbstractManagedExecutor$1.run(AbstractManagedExecutor.java:48)
	at java.base/java.util.concurrent.ThreadPoolExecutor.runWorker(ThreadPoolExecutor.java:1144)
	at java.base/java.util.concurrent.ThreadPoolExecutor$Worker.run(ThreadPoolExecutor.java:642)
	at java.base/java.lang.Thread.run(Thread.java:1583)
Caused by: com.esotericsoftware.kryo.KryoException: java.io.IOException: Connection reset by peer
	at com.esotericsoftware.kryo.io.Output.flush(Output.java:165)
	at com.esotericsoftware.kryo.io.Output.require(Output.java:142)
	at com.esotericsoftware.kryo.io.Output.writeBytes(Output.java:228)
	at org.gradle.internal.serialize.kryo.KryoBackedEncoder.writeBytes(KryoBackedEncoder.java:49)
	at org.gradle.internal.serialize.AbstractEncoder$EncoderStream.write(AbstractEncoder.java:93)
	at java.base/java.io.ObjectOutputStream$BlockDataOutputStream.drain(ObjectOutputStream.java:1899)
	at java.base/java.io.ObjectOutputStream$BlockDataOutputStream.flush(ObjectOutputStream.java:1844)
	at java.base/java.io.ObjectOutputStream.flush(ObjectOutputStream.java:736)
	at org.gradle.internal.serialize.Message.send(Message.java:38)
	at org.gradle.internal.serialize.BaseSerializerFactory$ThrowableSerializer.write(BaseSerializerFactory.java:314)
	at org.gradle.internal.serialize.BaseSerializerFactory$ThrowableSerializer.write(BaseSerializerFactory.java:306)
	at org.gradle.launcher.daemon.protocol.DaemonMessageSerializer$FailureSerializer.write(DaemonMessageSerializer.java:199)
	at org.gradle.launcher.daemon.protocol.DaemonMessageSerializer$FailureSerializer.write(DaemonMessageSerializer.java:190)
	at org.gradle.internal.serialize.DefaultSerializerRegistry$TaggedTypeSerializer.write(DefaultSerializerRegistry.java:171)
	at org.gradle.internal.serialize.Serializers$StatefulSerializerAdapter$2.write(Serializers.java:46)
	at org.gradle.internal.remote.internal.inet.SocketConnection.dispatch(SocketConnection.java:124)
	... 27 more
Caused by: java.io.IOException: Connection reset by peer
	at java.base/sun.nio.ch.SocketDispatcher.write0(Native Method)
	at java.base/sun.nio.ch.SocketDispatcher.write(SocketDispatcher.java:54)
	at java.base/sun.nio.ch.IOUtil.writeFromNativeBuffer(IOUtil.java:137)
	at java.base/sun.nio.ch.IOUtil.write(IOUtil.java:81)
	at java.base/sun.nio.ch.IOUtil.write(IOUtil.java:58)
	at java.base/sun.nio.ch.SocketChannelImpl.write(SocketChannelImpl.java:542)
	at org.gradle.internal.remote.internal.inet.SocketConnection$SocketOutputStream.writeWithNonBlockingRetry(SocketConnection.java:282)
	at org.gradle.internal.remote.internal.inet.SocketConnection$SocketOutputStream.writeBufferToChannel(SocketConnection.java:269)
	at org.gradle.internal.remote.internal.inet.SocketConnection$SocketOutputStream.write(SocketConnection.java:255)
	at com.esotericsoftware.kryo.io.Output.flush(Output.java:163)
	... 42 more
Daemon vm is shutting down... The daemon has exited normally or was terminated in response to a user interrupt.
